<?xml version="1.0" encoding="UTF-8"?>
<robot generator="Robot 3.2.2 (Python 3.12.0 on win32)" generated="20240124 03:04:08.642" rpa="false">
<suite id="s1" name="first Test Robot-main" source="D:\first_Test_Robot-main">
<suite id="s1-s1" name="Tests" source="D:\first_Test_Robot-main\Tests">
<suite id="s1-s1-s1" name="TestLogs" source="D:\first_Test_Robot-main\Tests\TestLogs.robot">
<test id="s1-s1-s1-t1" name="MyFirstTest">
<kw name="Log" library="BuiltIn">
<doc>Logs the given message with the given level.</doc>
<arguments>
<arg>Hello World</arg>
</arguments>
<msg timestamp="20240124 03:04:08.769" level="INFO">Hello World</msg>
<status status="PASS" starttime="20240124 03:04:08.769" endtime="20240124 03:04:08.769"></status>
</kw>
<tags>
<tag>Sanity</tag>
</tags>
<status status="PASS" starttime="20240124 03:04:08.769" endtime="20240124 03:04:08.769" critical="yes"></status>
</test>
<test id="s1-s1-s1-t2" name="MySecondTest">
<kw name="Set Tags" library="BuiltIn">
<doc>Adds given ``tags`` for the current test or all tests in a suite.</doc>
<arguments>
<arg>rahul</arg>
</arguments>
<msg timestamp="20240124 03:04:08.769" level="INFO">Set tag 'rahul'.</msg>
<status status="PASS" starttime="20240124 03:04:08.769" endtime="20240124 03:04:08.769"></status>
</kw>
<kw name="Log" library="BuiltIn">
<doc>Logs the given message with the given level.</doc>
<arguments>
<arg>Hello World</arg>
</arguments>
<msg timestamp="20240124 03:04:08.769" level="INFO">Hello World</msg>
<status status="PASS" starttime="20240124 03:04:08.769" endtime="20240124 03:04:08.769"></status>
</kw>
<tags>
<tag>rahul</tag>
<tag>Smoke</tag>
</tags>
<status status="PASS" starttime="20240124 03:04:08.769" endtime="20240124 03:04:08.769" critical="yes"></status>
</test>
<test id="s1-s1-s1-t3" name="MyThirdTest">
<kw name="Log" library="BuiltIn">
<doc>Logs the given message with the given level.</doc>
<arguments>
<arg>Hello World</arg>
</arguments>
<msg timestamp="20240124 03:04:08.769" level="INFO">Hello World</msg>
<status status="PASS" starttime="20240124 03:04:08.769" endtime="20240124 03:04:08.769"></status>
</kw>
<kw name="Set Tags" library="BuiltIn">
<doc>Adds given ``tags`` for the current test or all tests in a suite.</doc>
<arguments>
<arg>Regression</arg>
</arguments>
<msg timestamp="20240124 03:04:08.769" level="INFO">Set tag 'Regression'.</msg>
<status status="PASS" starttime="20240124 03:04:08.769" endtime="20240124 03:04:08.769"></status>
</kw>
<kw name="Remove Tags" library="BuiltIn">
<doc>Removes given ``tags`` from the current test or all tests in a suite.</doc>
<arguments>
<arg>Regression</arg>
</arguments>
<msg timestamp="20240124 03:04:08.769" level="INFO">Removed tag 'Regression'.</msg>
<status status="PASS" starttime="20240124 03:04:08.769" endtime="20240124 03:04:08.769"></status>
</kw>
<tags>
<tag>Sanity</tag>
</tags>
<status status="PASS" starttime="20240124 03:04:08.769" endtime="20240124 03:04:08.769" critical="yes"></status>
</test>
<status status="PASS" starttime="20240124 03:04:08.658" endtime="20240124 03:04:08.769"></status>
</suite>
<status status="PASS" starttime="20240124 03:04:08.658" endtime="20240124 03:04:08.769"></status>
</suite>
<status status="PASS" starttime="20240124 03:04:08.658" endtime="20240124 03:04:08.769"></status>
</suite>
<statistics>
<total>
<stat pass="3" fail="0">Critical Tests</stat>
<stat pass="3" fail="0">All Tests</stat>
</total>
<tag>
<stat pass="1" fail="0">rahul</stat>
<stat pass="2" fail="0">Sanity</stat>
<stat pass="1" fail="0">Smoke</stat>
</tag>
<suite>
<stat pass="3" fail="0" id="s1" name="first Test Robot-main">first Test Robot-main</stat>
<stat pass="3" fail="0" id="s1-s1" name="Tests">first Test Robot-main.Tests</stat>
<stat pass="3" fail="0" id="s1-s1-s1" name="TestLogs">first Test Robot-main.Tests.TestLogs</stat>
</suite>
</statistics>
<errors>
<msg timestamp="20240124 03:04:08.658" level="ERROR">Taking listener 'C:\Users\RAHULT~1\AppData\Local\Temp\RobotTempDir6709365915534980675\TestRunnerAgent.py:53655' into use failed: Importing listener 'C:\Users\RAHULT~1\AppData\Local\Temp\RobotTempDir6709365915534980675\TestRunnerAgent.py' failed: ModuleNotFoundError: No module named 'robot.parsing.populators'
Traceback (most recent call last):
  File "C:\Users\RAHULT~1\AppData\Local\Temp\RobotTempDir6709365915534980675\TestRunnerAgent.py", line 72, in &lt;module&gt;
    from robot.parsing.populators import READERS
PYTHONPATH:
  D:\Softwares\python 3.12\Lib\site-packages
  D:\first_Test_Robot-main
  D:\Softwares\python 3.12\python312.zip
  D:\Softwares\python 3.12\DLLs
  D:\Softwares\python 3.12\Lib
  D:\Softwares\python 3.12
  D:\Softwares\python 3.12\Lib\site-packages
  D:\Softwares\python 3.12\Lib\site-packages\win32
  D:\Softwares\python 3.12\Lib\site-packages\win32\lib
  D:\Softwares\python 3.12\Lib\site-packages\Pythonwin</msg>
</errors>
</robot>
